<?xml version="1.0" encoding="UTF-8"?>
<testsuite errors="0" failures="0" name="calcula_tests.TestSoma-20180111213214" skipped="0" tests="2" time="0.000">
	<testcase classname="calcula_tests.TestSoma" name="test_soma_2_2" time="0.000"/>
	<testcase classname="calcula_tests.TestSoma" name="teste_soma_3_3_fail" time="0.000"/>
	<system-out>
<![CDATA[]]>	</system-out>
	<system-err>
<![CDATA[]]>	</system-err>
</testsuite>
